2023-03-02 10:34:28,753 INFO org.springframework.boot.StartupInfoLogger [restartedMain] Starting OnestopgApplication using Java 17.0.4 on DESKTOP-IB3UVCN with PID 3772 (C:\Users\hadrihl\Downloads\onestopg\target\classes started by hadrihl in C:\Users\hadrihl\Downloads\onestopg)
2023-03-02 10:34:28,774 INFO org.springframework.boot.SpringApplication [restartedMain] No active profile set, falling back to 1 default profile: "default"
2023-03-02 10:34:30,042 INFO org.springframework.data.repository.config.RepositoryConfigurationDelegate [restartedMain] Bootstrapping Spring Data JPA repositories in DEFAULT mode.
2023-03-02 10:34:30,117 INFO org.springframework.data.repository.config.RepositoryConfigurationDelegate [restartedMain] Finished Spring Data repository scanning in 70 ms. Found 3 JPA repository interfaces.
2023-03-02 10:34:30,560 INFO org.springframework.boot.web.embedded.tomcat.TomcatWebServer [restartedMain] Tomcat initialized with port(s): 8080 (http)
2023-03-02 10:34:30,564 INFO org.apache.juli.logging.DirectJDKLog [restartedMain] Starting service [Tomcat]
2023-03-02 10:34:30,565 INFO org.apache.juli.logging.DirectJDKLog [restartedMain] Starting Servlet engine: [Apache Tomcat/9.0.71]
2023-03-02 10:34:31,355 INFO org.apache.juli.logging.DirectJDKLog [restartedMain] At least one JAR was scanned for TLDs yet contained no TLDs. Enable debug logging for this logger for a complete list of JARs that were scanned but no TLDs were found in them. Skipping unneeded JARs during scanning can improve startup time and JSP compilation time.
2023-03-02 10:34:31,365 INFO org.apache.juli.logging.DirectJDKLog [restartedMain] Initializing Spring embedded WebApplicationContext
2023-03-02 10:34:31,365 INFO org.springframework.boot.web.servlet.context.ServletWebServerApplicationContext [restartedMain] Root WebApplicationContext: initialization completed in 2575 ms
2023-03-02 10:34:31,661 WARN org.apache.juli.logging.DirectJDKLog [restartedMain] Cannot deserialize session attribute [SPRING_SECURITY_CONTEXT] for session [749159246C438015A285F50ABF14E188]
2023-03-02 10:34:31,664 ERROR org.apache.juli.logging.DirectJDKLog [restartedMain] Exception loading sessions from persistent storage
java.io.StreamCorruptedException: invalid type code: 00
	at java.base/java.io.ObjectInputStream.readObject0(ObjectInputStream.java:1764)
	at java.base/java.io.ObjectInputStream$FieldValues.<init>(ObjectInputStream.java:2606)
	at java.base/java.io.ObjectInputStream.defaultReadObject(ObjectInputStream.java:647)
	at java.base/java.lang.Throwable.readObject(Throwable.java:912)
	at java.base/jdk.internal.reflect.NativeMethodAccessorImpl.invoke0(Native Method)
	at java.base/jdk.internal.reflect.NativeMethodAccessorImpl.invoke(NativeMethodAccessorImpl.java:77)
	at java.base/jdk.internal.reflect.DelegatingMethodAccessorImpl.invoke(DelegatingMethodAccessorImpl.java:43)
	at java.base/java.lang.reflect.Method.invoke(Method.java:568)
	at java.base/java.io.ObjectStreamClass.invokeReadObject(ObjectStreamClass.java:1100)
	at java.base/java.io.ObjectInputStream.readSerialData(ObjectInputStream.java:2423)
	at java.base/java.io.ObjectInputStream.readOrdinaryObject(ObjectInputStream.java:2257)
	at java.base/java.io.ObjectInputStream.readObject0(ObjectInputStream.java:1733)
	at java.base/java.io.ObjectInputStream.readObject(ObjectInputStream.java:509)
	at java.base/java.io.ObjectInputStream.readObject(ObjectInputStream.java:467)
	at org.apache.catalina.session.StandardSession.doReadObject(StandardSession.java:1564)
	at org.apache.catalina.session.StandardSession.readObjectData(StandardSession.java:1050)
	at org.apache.catalina.session.StandardManager.doLoad(StandardManager.java:219)
	at org.apache.catalina.session.StandardManager.load(StandardManager.java:162)
	at org.apache.catalina.session.StandardManager.startInternal(StandardManager.java:356)
	at org.apache.catalina.util.LifecycleBase.start(LifecycleBase.java:183)
	at org.apache.catalina.core.StandardContext.startInternal(StandardContext.java:5239)
	at org.apache.catalina.util.LifecycleBase.start(LifecycleBase.java:183)
	at org.apache.catalina.core.ContainerBase$StartChild.call(ContainerBase.java:1393)
	at org.apache.catalina.core.ContainerBase$StartChild.call(ContainerBase.java:1383)
	at java.base/java.util.concurrent.FutureTask.run(FutureTask.java:264)
	at org.apache.tomcat.util.threads.InlineExecutorService.execute(InlineExecutorService.java:75)
	at java.base/java.util.concurrent.AbstractExecutorService.submit(AbstractExecutorService.java:145)
	at org.apache.catalina.core.ContainerBase.startInternal(ContainerBase.java:916)
	at org.apache.catalina.core.StandardHost.startInternal(StandardHost.java:835)
	at org.apache.catalina.util.LifecycleBase.start(LifecycleBase.java:183)
	at org.apache.catalina.core.ContainerBase$StartChild.call(ContainerBase.java:1393)
	at org.apache.catalina.core.ContainerBase$StartChild.call(ContainerBase.java:1383)
	at java.base/java.util.concurrent.FutureTask.run(FutureTask.java:264)
	at org.apache.tomcat.util.threads.InlineExecutorService.execute(InlineExecutorService.java:75)
	at java.base/java.util.concurrent.AbstractExecutorService.submit(AbstractExecutorService.java:145)
	at org.apache.catalina.core.ContainerBase.startInternal(ContainerBase.java:916)
	at org.apache.catalina.core.StandardEngine.startInternal(StandardEngine.java:265)
	at org.apache.catalina.util.LifecycleBase.start(LifecycleBase.java:183)
	at org.apache.catalina.core.StandardService.startInternal(StandardService.java:430)
	at org.apache.catalina.util.LifecycleBase.start(LifecycleBase.java:183)
	at org.apache.catalina.core.StandardServer.startInternal(StandardServer.java:930)
	at org.apache.catalina.util.LifecycleBase.start(LifecycleBase.java:183)
	at org.apache.catalina.startup.Tomcat.start(Tomcat.java:486)
	at org.springframework.boot.web.embedded.tomcat.TomcatWebServer.initialize(TomcatWebServer.java:123)
	at org.springframework.boot.web.embedded.tomcat.TomcatWebServer.<init>(TomcatWebServer.java:104)
	at org.springframework.boot.web.embedded.tomcat.TomcatServletWebServerFactory.getTomcatWebServer(TomcatServletWebServerFactory.java:481)
	at org.springframework.boot.web.embedded.tomcat.TomcatServletWebServerFactory.getWebServer(TomcatServletWebServerFactory.java:211)
	at org.springframework.boot.web.servlet.context.ServletWebServerApplicationContext.createWebServer(ServletWebServerApplicationContext.java:184)
	at org.springframework.boot.web.servlet.context.ServletWebServerApplicationContext.onRefresh(ServletWebServerApplicationContext.java:162)
	at org.springframework.context.support.AbstractApplicationContext.refresh(AbstractApplicationContext.java:577)
	at org.springframework.boot.web.servlet.context.ServletWebServerApplicationContext.refresh(ServletWebServerApplicationContext.java:147)
	at org.springframework.boot.SpringApplication.refresh(SpringApplication.java:731)
	at org.springframework.boot.SpringApplication.refreshContext(SpringApplication.java:408)
	at org.springframework.boot.SpringApplication.run(SpringApplication.java:307)
	at org.springframework.boot.SpringApplication.run(SpringApplication.java:1303)
	at org.springframework.boot.SpringApplication.run(SpringApplication.java:1292)
	at com.example.onestopg.OnestopgApplication.main(OnestopgApplication.java:22)
	at java.base/jdk.internal.reflect.NativeMethodAccessorImpl.invoke0(Native Method)
	at java.base/jdk.internal.reflect.NativeMethodAccessorImpl.invoke(NativeMethodAccessorImpl.java:77)
	at java.base/jdk.internal.reflect.DelegatingMethodAccessorImpl.invoke(DelegatingMethodAccessorImpl.java:43)
	at java.base/java.lang.reflect.Method.invoke(Method.java:568)
	at org.springframework.boot.devtools.restart.RestartLauncher.run(RestartLauncher.java:49)
2023-03-02 10:34:31,906 INFO org.hibernate.jpa.internal.util.LogHelper [restartedMain] HHH000204: Processing PersistenceUnitInfo [name: default]
2023-03-02 10:34:31,937 INFO com.zaxxer.hikari.HikariDataSource [restartedMain] HikariPool-2 - Starting...
2023-03-02 10:34:32,020 INFO com.zaxxer.hikari.HikariDataSource [restartedMain] HikariPool-2 - Start completed.
2023-03-02 10:34:32,021 INFO org.hibernate.dialect.Dialect [restartedMain] HHH000400: Using dialect: org.hibernate.dialect.MySQLInnoDBDialect
2023-03-02 10:34:32,476 INFO org.hibernate.engine.transaction.jta.platform.internal.JtaPlatformInitiator [restartedMain] HHH000490: Using JtaPlatform implementation: [org.hibernate.engine.transaction.jta.platform.internal.NoJtaPlatform]
2023-03-02 10:34:32,477 INFO org.springframework.orm.jpa.AbstractEntityManagerFactoryBean [restartedMain] Initialized JPA EntityManagerFactory for persistence unit 'default'
2023-03-02 10:34:33,045 INFO org.springframework.security.web.DefaultSecurityFilterChain [restartedMain] Will secure any request with [org.springframework.security.web.session.DisableEncodeUrlFilter@603448db, org.springframework.security.web.context.request.async.WebAsyncManagerIntegrationFilter@5e5c67be, org.springframework.security.web.context.SecurityContextPersistenceFilter@4ceab378, org.springframework.security.web.header.HeaderWriterFilter@7a1d6608, org.springframework.security.web.csrf.CsrfFilter@1e52c5cf, org.springframework.security.web.authentication.logout.LogoutFilter@48a7137f, org.springframework.security.web.authentication.UsernamePasswordAuthenticationFilter@10f89d50, org.springframework.security.web.savedrequest.RequestCacheAwareFilter@778e7a6f, org.springframework.security.web.servletapi.SecurityContextHolderAwareRequestFilter@66b27fb0, org.springframework.security.web.authentication.AnonymousAuthenticationFilter@40e092ef, org.springframework.security.web.session.SessionManagementFilter@449e6a99, org.springframework.security.web.access.ExceptionTranslationFilter@22e32785, org.springframework.security.web.access.intercept.AuthorizationFilter@3944fcd6]
2023-03-02 10:34:33,099 WARN org.springframework.boot.autoconfigure.orm.jpa.JpaBaseConfiguration$JpaWebConfiguration [restartedMain] spring.jpa.open-in-view is enabled by default. Therefore, database queries may be performed during view rendering. Explicitly configure spring.jpa.open-in-view to disable this warning
2023-03-02 10:34:33,595 INFO org.springframework.boot.devtools.autoconfigure.OptionalLiveReloadServer [restartedMain] LiveReload server is running on port 35729
2023-03-02 10:34:33,615 INFO org.springframework.boot.web.embedded.tomcat.TomcatWebServer [restartedMain] Tomcat started on port(s): 8080 (http) with context path ''
2023-03-02 10:34:33,654 INFO org.springframework.boot.StartupInfoLogger [restartedMain] Started OnestopgApplication in 5.119 seconds (JVM running for 330.045)
2023-03-02 10:34:33,658 INFO org.springframework.boot.devtools.autoconfigure.ConditionEvaluationDeltaLoggingListener [restartedMain] Condition evaluation unchanged
2023-03-02 10:34:41,531 INFO org.apache.juli.logging.DirectJDKLog [http-nio-8080-exec-1] Initializing Spring DispatcherServlet 'dispatcherServlet'
2023-03-02 10:34:41,533 INFO org.springframework.web.servlet.FrameworkServlet [http-nio-8080-exec-1] Initializing Servlet 'dispatcherServlet'
2023-03-02 10:34:41,537 INFO org.springframework.web.servlet.FrameworkServlet [http-nio-8080-exec-1] Completed initialization in 4 ms
2023-03-02 10:37:33,117 INFO org.springframework.boot.devtools.autoconfigure.LocalDevToolsAutoConfiguration$RestartingClassPathChangeChangedEventListener [File Watcher] Restarting due to 1 class path change (0 additions, 0 deletions, 1 modification)
2023-03-02 10:37:33,150 INFO org.apache.juli.logging.DirectJDKLog [Thread-7] Stopping service [Tomcat]
2023-03-02 10:37:33,152 INFO org.apache.juli.logging.DirectJDKLog [Thread-7] Destroying Spring FrameworkServlet 'dispatcherServlet'
2023-03-02 10:37:33,159 WARN org.apache.juli.logging.DirectJDKLog [Thread-7] Cannot serialize session attribute [SPRING_SECURITY_CONTEXT] for session [6E471791146BAB3E00B9EFCB58DAF8F8]
java.io.NotSerializableException: com.example.onestopg.entity.User
	at java.base/java.io.ObjectOutputStream.writeObject0(ObjectOutputStream.java:1187)
	at java.base/java.io.ObjectOutputStream.defaultWriteFields(ObjectOutputStream.java:1572)
	at java.base/java.io.ObjectOutputStream.writeSerialData(ObjectOutputStream.java:1529)
	at java.base/java.io.ObjectOutputStream.writeOrdinaryObject(ObjectOutputStream.java:1438)
	at java.base/java.io.ObjectOutputStream.writeObject0(ObjectOutputStream.java:1181)
	at java.base/java.io.ObjectOutputStream.defaultWriteFields(ObjectOutputStream.java:1572)
	at java.base/java.io.ObjectOutputStream.writeSerialData(ObjectOutputStream.java:1529)
	at java.base/java.io.ObjectOutputStream.writeOrdinaryObject(ObjectOutputStream.java:1438)
	at java.base/java.io.ObjectOutputStream.writeObject0(ObjectOutputStream.java:1181)
	at java.base/java.io.ObjectOutputStream.defaultWriteFields(ObjectOutputStream.java:1572)
	at java.base/java.io.ObjectOutputStream.writeSerialData(ObjectOutputStream.java:1529)
	at java.base/java.io.ObjectOutputStream.writeOrdinaryObject(ObjectOutputStream.java:1438)
	at java.base/java.io.ObjectOutputStream.writeObject0(ObjectOutputStream.java:1181)
	at java.base/java.io.ObjectOutputStream.writeObject(ObjectOutputStream.java:350)
	at org.apache.catalina.session.StandardSession.doWriteObject(StandardSession.java:1761)
	at org.apache.catalina.session.StandardSession.writeObjectData(StandardSession.java:1067)
	at org.apache.catalina.session.StandardManager.doUnload(StandardManager.java:317)
	at org.apache.catalina.session.StandardManager.unload(StandardManager.java:268)
	at org.apache.catalina.session.StandardManager.stopInternal(StandardManager.java:384)
	at org.apache.catalina.util.LifecycleBase.stop(LifecycleBase.java:257)
	at org.apache.catalina.core.StandardContext.stopInternal(StandardContext.java:5459)
	at org.apache.catalina.util.LifecycleBase.stop(LifecycleBase.java:257)
	at org.apache.catalina.core.ContainerBase$StopChild.call(ContainerBase.java:1409)
	at org.apache.catalina.core.ContainerBase$StopChild.call(ContainerBase.java:1398)
	at java.base/java.util.concurrent.FutureTask.run(FutureTask.java:264)
	at org.apache.tomcat.util.threads.InlineExecutorService.execute(InlineExecutorService.java:75)
	at java.base/java.util.concurrent.AbstractExecutorService.submit(AbstractExecutorService.java:145)
	at org.apache.catalina.core.ContainerBase.stopInternal(ContainerBase.java:983)
	at org.apache.catalina.util.LifecycleBase.stop(LifecycleBase.java:257)
	at org.apache.catalina.core.ContainerBase$StopChild.call(ContainerBase.java:1409)
	at org.apache.catalina.core.ContainerBase$StopChild.call(ContainerBase.java:1398)
	at java.base/java.util.concurrent.FutureTask.run(FutureTask.java:264)
	at org.apache.tomcat.util.threads.InlineExecutorService.execute(InlineExecutorService.java:75)
	at java.base/java.util.concurrent.AbstractExecutorService.submit(AbstractExecutorService.java:145)
	at org.apache.catalina.core.ContainerBase.stopInternal(ContainerBase.java:983)
	at org.apache.catalina.util.LifecycleBase.stop(LifecycleBase.java:257)
	at org.apache.catalina.core.StandardService.stopInternal(StandardService.java:495)
	at org.apache.catalina.util.LifecycleBase.stop(LifecycleBase.java:257)
	at org.apache.catalina.core.StandardServer.stopInternal(StandardServer.java:982)
	at org.apache.catalina.util.LifecycleBase.stop(LifecycleBase.java:257)
	at org.apache.catalina.startup.Tomcat.stop(Tomcat.java:496)
	at org.springframework.boot.web.embedded.tomcat.TomcatWebServer.stopTomcat(TomcatWebServer.java:273)
	at org.springframework.boot.web.embedded.tomcat.TomcatWebServer.stop(TomcatWebServer.java:331)
	at org.springframework.boot.web.servlet.context.WebServerStartStopLifecycle.stop(WebServerStartStopLifecycle.java:52)
	at org.springframework.context.SmartLifecycle.stop(SmartLifecycle.java:117)
	at org.springframework.context.support.DefaultLifecycleProcessor.doStop(DefaultLifecycleProcessor.java:234)
	at org.springframework.context.support.DefaultLifecycleProcessor.access$300(DefaultLifecycleProcessor.java:54)
	at org.springframework.context.support.DefaultLifecycleProcessor$LifecycleGroup.stop(DefaultLifecycleProcessor.java:373)
	at org.springframework.context.support.DefaultLifecycleProcessor.stopBeans(DefaultLifecycleProcessor.java:206)
	at org.springframework.context.support.DefaultLifecycleProcessor.onClose(DefaultLifecycleProcessor.java:129)
	at org.springframework.context.support.AbstractApplicationContext.doClose(AbstractApplicationContext.java:1067)
	at org.springframework.boot.web.servlet.context.ServletWebServerApplicationContext.doClose(ServletWebServerApplicationContext.java:174)
	at org.springframework.context.support.AbstractApplicationContext.close(AbstractApplicationContext.java:1021)
	at org.springframework.boot.devtools.restart.Restarter.stop(Restarter.java:309)
	at org.springframework.boot.devtools.restart.Restarter.lambda$restart$1(Restarter.java:251)
	at org.springframework.boot.devtools.restart.Restarter$LeakSafeThread.run(Restarter.java:629)
2023-03-02 10:37:33,168 INFO org.springframework.orm.jpa.AbstractEntityManagerFactoryBean [Thread-7] Closing JPA EntityManagerFactory for persistence unit 'default'
2023-03-02 10:37:33,170 INFO com.zaxxer.hikari.HikariDataSource [Thread-7] HikariPool-2 - Shutdown initiated...
2023-03-02 10:37:33,174 INFO com.zaxxer.hikari.HikariDataSource [Thread-7] HikariPool-2 - Shutdown completed.
2023-03-02 10:37:33,331 INFO org.springframework.boot.StartupInfoLogger [restartedMain] Starting OnestopgApplication using Java 17.0.4 on DESKTOP-IB3UVCN with PID 3772 (C:\Users\hadrihl\Downloads\onestopg\target\classes started by hadrihl in C:\Users\hadrihl\Downloads\onestopg)
2023-03-02 10:37:33,333 INFO org.springframework.boot.SpringApplication [restartedMain] No active profile set, falling back to 1 default profile: "default"
2023-03-02 10:37:33,692 INFO org.springframework.data.repository.config.RepositoryConfigurationDelegate [restartedMain] Bootstrapping Spring Data JPA repositories in DEFAULT mode.
2023-03-02 10:37:33,730 INFO org.springframework.data.repository.config.RepositoryConfigurationDelegate [restartedMain] Finished Spring Data repository scanning in 37 ms. Found 3 JPA repository interfaces.
2023-03-02 10:37:33,925 INFO org.springframework.boot.web.embedded.tomcat.TomcatWebServer [restartedMain] Tomcat initialized with port(s): 8080 (http)
2023-03-02 10:37:33,930 INFO org.apache.juli.logging.DirectJDKLog [restartedMain] Starting service [Tomcat]
2023-03-02 10:37:33,930 INFO org.apache.juli.logging.DirectJDKLog [restartedMain] Starting Servlet engine: [Apache Tomcat/9.0.71]
2023-03-02 10:37:34,125 INFO org.apache.juli.logging.DirectJDKLog [restartedMain] At least one JAR was scanned for TLDs yet contained no TLDs. Enable debug logging for this logger for a complete list of JARs that were scanned but no TLDs were found in them. Skipping unneeded JARs during scanning can improve startup time and JSP compilation time.
2023-03-02 10:37:34,141 INFO org.apache.juli.logging.DirectJDKLog [restartedMain] Initializing Spring embedded WebApplicationContext
2023-03-02 10:37:34,142 INFO org.springframework.boot.web.servlet.context.ServletWebServerApplicationContext [restartedMain] Root WebApplicationContext: initialization completed in 803 ms
2023-03-02 10:37:34,202 WARN org.apache.juli.logging.DirectJDKLog [restartedMain] Cannot deserialize session attribute [SPRING_SECURITY_CONTEXT] for session [6E471791146BAB3E00B9EFCB58DAF8F8]
2023-03-02 10:37:34,279 INFO org.hibernate.jpa.internal.util.LogHelper [restartedMain] HHH000204: Processing PersistenceUnitInfo [name: default]
2023-03-02 10:37:34,310 INFO com.zaxxer.hikari.HikariDataSource [restartedMain] HikariPool-3 - Starting...
2023-03-02 10:37:34,325 INFO com.zaxxer.hikari.HikariDataSource [restartedMain] HikariPool-3 - Start completed.
2023-03-02 10:37:34,327 INFO org.hibernate.dialect.Dialect [restartedMain] HHH000400: Using dialect: org.hibernate.dialect.MySQLInnoDBDialect
2023-03-02 10:37:34,777 INFO org.hibernate.engine.transaction.jta.platform.internal.JtaPlatformInitiator [restartedMain] HHH000490: Using JtaPlatform implementation: [org.hibernate.engine.transaction.jta.platform.internal.NoJtaPlatform]
2023-03-02 10:37:34,779 INFO org.springframework.orm.jpa.AbstractEntityManagerFactoryBean [restartedMain] Initialized JPA EntityManagerFactory for persistence unit 'default'
2023-03-02 10:37:35,045 INFO org.springframework.security.web.DefaultSecurityFilterChain [restartedMain] Will secure any request with [org.springframework.security.web.session.DisableEncodeUrlFilter@51f100f8, org.springframework.security.web.context.request.async.WebAsyncManagerIntegrationFilter@294aedcf, org.springframework.security.web.context.SecurityContextPersistenceFilter@3d8ecfb6, org.springframework.security.web.header.HeaderWriterFilter@1fded1f1, org.springframework.security.web.csrf.CsrfFilter@36187756, org.springframework.security.web.authentication.logout.LogoutFilter@7798a676, org.springframework.security.web.authentication.UsernamePasswordAuthenticationFilter@63e8a1e5, org.springframework.security.web.savedrequest.RequestCacheAwareFilter@50dd3b4b, org.springframework.security.web.servletapi.SecurityContextHolderAwareRequestFilter@396539f8, org.springframework.security.web.authentication.AnonymousAuthenticationFilter@13df1148, org.springframework.security.web.session.SessionManagementFilter@4859b32c, org.springframework.security.web.access.ExceptionTranslationFilter@5b16d511, org.springframework.security.web.access.intercept.AuthorizationFilter@5e1c8668]
2023-03-02 10:37:35,078 WARN org.springframework.boot.autoconfigure.orm.jpa.JpaBaseConfiguration$JpaWebConfiguration [restartedMain] spring.jpa.open-in-view is enabled by default. Therefore, database queries may be performed during view rendering. Explicitly configure spring.jpa.open-in-view to disable this warning
2023-03-02 10:37:35,241 INFO org.springframework.boot.devtools.autoconfigure.OptionalLiveReloadServer [restartedMain] LiveReload server is running on port 35729
2023-03-02 10:37:35,261 INFO org.springframework.boot.web.embedded.tomcat.TomcatWebServer [restartedMain] Tomcat started on port(s): 8080 (http) with context path ''
2023-03-02 10:37:35,271 INFO org.springframework.boot.StartupInfoLogger [restartedMain] Started OnestopgApplication in 2.019 seconds (JVM running for 511.662)
2023-03-02 10:37:35,276 INFO org.springframework.boot.devtools.autoconfigure.ConditionEvaluationDeltaLoggingListener [restartedMain] Condition evaluation unchanged
2023-03-02 10:37:56,373 INFO org.springframework.boot.devtools.autoconfigure.LocalDevToolsAutoConfiguration$RestartingClassPathChangeChangedEventListener [File Watcher] Restarting due to 1 class path change (0 additions, 0 deletions, 1 modification)
2023-03-02 10:37:56,394 INFO org.apache.juli.logging.DirectJDKLog [Thread-13] Stopping service [Tomcat]
2023-03-02 10:37:56,401 INFO org.springframework.orm.jpa.AbstractEntityManagerFactoryBean [Thread-13] Closing JPA EntityManagerFactory for persistence unit 'default'
2023-03-02 10:37:56,402 INFO com.zaxxer.hikari.HikariDataSource [Thread-13] HikariPool-3 - Shutdown initiated...
2023-03-02 10:37:56,407 INFO com.zaxxer.hikari.HikariDataSource [Thread-13] HikariPool-3 - Shutdown completed.
2023-03-02 10:37:56,542 INFO org.springframework.boot.StartupInfoLogger [restartedMain] Starting OnestopgApplication using Java 17.0.4 on DESKTOP-IB3UVCN with PID 3772 (C:\Users\hadrihl\Downloads\onestopg\target\classes started by hadrihl in C:\Users\hadrihl\Downloads\onestopg)
2023-03-02 10:37:56,543 DEBUG org.springframework.boot.StartupInfoLogger [restartedMain] Running with Spring Boot v2.7.9, Spring v5.3.25
2023-03-02 10:37:56,545 INFO org.springframework.boot.SpringApplication [restartedMain] No active profile set, falling back to 1 default profile: "default"
2023-03-02 10:37:57,002 INFO org.springframework.data.repository.config.RepositoryConfigurationDelegate [restartedMain] Bootstrapping Spring Data JPA repositories in DEFAULT mode.
2023-03-02 10:37:57,041 INFO org.springframework.data.repository.config.RepositoryConfigurationDelegate [restartedMain] Finished Spring Data repository scanning in 34 ms. Found 3 JPA repository interfaces.
2023-03-02 10:37:57,182 INFO org.springframework.boot.web.embedded.tomcat.TomcatWebServer [restartedMain] Tomcat initialized with port(s): 8080 (http)
2023-03-02 10:37:57,184 INFO org.apache.juli.logging.DirectJDKLog [restartedMain] Starting service [Tomcat]
2023-03-02 10:37:57,185 INFO org.apache.juli.logging.DirectJDKLog [restartedMain] Starting Servlet engine: [Apache Tomcat/9.0.71]
2023-03-02 10:37:57,366 INFO org.apache.juli.logging.DirectJDKLog [restartedMain] At least one JAR was scanned for TLDs yet contained no TLDs. Enable debug logging for this logger for a complete list of JARs that were scanned but no TLDs were found in them. Skipping unneeded JARs during scanning can improve startup time and JSP compilation time.
2023-03-02 10:37:57,372 INFO org.apache.juli.logging.DirectJDKLog [restartedMain] Initializing Spring embedded WebApplicationContext
2023-03-02 10:37:57,372 INFO org.springframework.boot.web.servlet.context.ServletWebServerApplicationContext [restartedMain] Root WebApplicationContext: initialization completed in 823 ms
2023-03-02 10:37:57,495 INFO org.hibernate.jpa.internal.util.LogHelper [restartedMain] HHH000204: Processing PersistenceUnitInfo [name: default]
2023-03-02 10:37:57,509 INFO com.zaxxer.hikari.HikariDataSource [restartedMain] HikariPool-4 - Starting...
2023-03-02 10:37:57,521 INFO com.zaxxer.hikari.HikariDataSource [restartedMain] HikariPool-4 - Start completed.
2023-03-02 10:37:57,522 INFO org.hibernate.dialect.Dialect [restartedMain] HHH000400: Using dialect: org.hibernate.dialect.MySQLInnoDBDialect
2023-03-02 10:37:57,712 INFO org.hibernate.engine.transaction.jta.platform.internal.JtaPlatformInitiator [restartedMain] HHH000490: Using JtaPlatform implementation: [org.hibernate.engine.transaction.jta.platform.internal.NoJtaPlatform]
2023-03-02 10:37:57,713 INFO org.springframework.orm.jpa.AbstractEntityManagerFactoryBean [restartedMain] Initialized JPA EntityManagerFactory for persistence unit 'default'
2023-03-02 10:37:57,978 INFO org.springframework.security.web.DefaultSecurityFilterChain [restartedMain] Will secure any request with [org.springframework.security.web.session.DisableEncodeUrlFilter@62ce106, org.springframework.security.web.context.request.async.WebAsyncManagerIntegrationFilter@25342e3a, org.springframework.security.web.context.SecurityContextPersistenceFilter@3434ed81, org.springframework.security.web.header.HeaderWriterFilter@501177b1, org.springframework.security.web.csrf.CsrfFilter@77e37da, org.springframework.security.web.authentication.logout.LogoutFilter@29c1bb4b, org.springframework.security.web.authentication.UsernamePasswordAuthenticationFilter@22930dfc, org.springframework.security.web.savedrequest.RequestCacheAwareFilter@35bc7e00, org.springframework.security.web.servletapi.SecurityContextHolderAwareRequestFilter@6ecb3bf9, org.springframework.security.web.authentication.AnonymousAuthenticationFilter@2ee071e4, org.springframework.security.web.session.SessionManagementFilter@4282c2ec, org.springframework.security.web.access.ExceptionTranslationFilter@6b2d449b, org.springframework.security.web.access.intercept.AuthorizationFilter@48f864fc]
2023-03-02 10:37:58,011 WARN org.springframework.boot.autoconfigure.orm.jpa.JpaBaseConfiguration$JpaWebConfiguration [restartedMain] spring.jpa.open-in-view is enabled by default. Therefore, database queries may be performed during view rendering. Explicitly configure spring.jpa.open-in-view to disable this warning
2023-03-02 10:37:58,134 INFO org.springframework.boot.devtools.autoconfigure.OptionalLiveReloadServer [restartedMain] LiveReload server is running on port 35729
2023-03-02 10:37:58,150 INFO org.springframework.boot.web.embedded.tomcat.TomcatWebServer [restartedMain] Tomcat started on port(s): 8080 (http) with context path ''
2023-03-02 10:37:58,157 INFO org.springframework.boot.StartupInfoLogger [restartedMain] Started OnestopgApplication in 1.679 seconds (JVM running for 534.548)
2023-03-02 10:37:58,159 INFO org.springframework.boot.devtools.autoconfigure.ConditionEvaluationDeltaLoggingListener [restartedMain] Condition evaluation unchanged
2023-03-02 10:38:06,591 INFO org.apache.juli.logging.DirectJDKLog [http-nio-8080-exec-3] Initializing Spring DispatcherServlet 'dispatcherServlet'
2023-03-02 10:38:06,592 INFO org.springframework.web.servlet.FrameworkServlet [http-nio-8080-exec-3] Initializing Servlet 'dispatcherServlet'
2023-03-02 10:38:06,593 INFO org.springframework.web.servlet.FrameworkServlet [http-nio-8080-exec-3] Completed initialization in 1 ms
2023-03-02 10:38:10,129 DEBUG com.example.onestopg.controller.UserController [http-nio-8080-exec-5] Users page OPENED.
2023-03-02 10:38:25,716 DEBUG com.example.onestopg.controller.UserController [http-nio-8080-exec-7] User profile updated SUCCESSFULLY.
2023-03-02 10:38:25,739 DEBUG com.example.onestopg.controller.UserController [http-nio-8080-exec-8] Users page OPENED.
2023-03-02 10:41:17,074 INFO org.springframework.boot.devtools.autoconfigure.LocalDevToolsAutoConfiguration$RestartingClassPathChangeChangedEventListener [File Watcher] Restarting due to 1 class path change (0 additions, 0 deletions, 1 modification)
2023-03-02 10:41:17,092 INFO org.apache.juli.logging.DirectJDKLog [Thread-17] Stopping service [Tomcat]
2023-03-02 10:41:17,092 INFO org.apache.juli.logging.DirectJDKLog [Thread-17] Destroying Spring FrameworkServlet 'dispatcherServlet'
2023-03-02 10:41:17,098 WARN org.apache.juli.logging.DirectJDKLog [Thread-17] Cannot serialize session attribute [SPRING_SECURITY_CONTEXT] for session [B372BA7E89B98852D22EAE293E5F7AF7]
java.io.NotSerializableException: com.example.onestopg.entity.User
	at java.base/java.io.ObjectOutputStream.writeObject0(ObjectOutputStream.java:1187)
	at java.base/java.io.ObjectOutputStream.defaultWriteFields(ObjectOutputStream.java:1572)
	at java.base/java.io.ObjectOutputStream.writeSerialData(ObjectOutputStream.java:1529)
	at java.base/java.io.ObjectOutputStream.writeOrdinaryObject(ObjectOutputStream.java:1438)
	at java.base/java.io.ObjectOutputStream.writeObject0(ObjectOutputStream.java:1181)
	at java.base/java.io.ObjectOutputStream.defaultWriteFields(ObjectOutputStream.java:1572)
	at java.base/java.io.ObjectOutputStream.writeSerialData(ObjectOutputStream.java:1529)
	at java.base/java.io.ObjectOutputStream.writeOrdinaryObject(ObjectOutputStream.java:1438)
	at java.base/java.io.ObjectOutputStream.writeObject0(ObjectOutputStream.java:1181)
	at java.base/java.io.ObjectOutputStream.defaultWriteFields(ObjectOutputStream.java:1572)
	at java.base/java.io.ObjectOutputStream.writeSerialData(ObjectOutputStream.java:1529)
	at java.base/java.io.ObjectOutputStream.writeOrdinaryObject(ObjectOutputStream.java:1438)
	at java.base/java.io.ObjectOutputStream.writeObject0(ObjectOutputStream.java:1181)
	at java.base/java.io.ObjectOutputStream.writeObject(ObjectOutputStream.java:350)
	at org.apache.catalina.session.StandardSession.doWriteObject(StandardSession.java:1761)
	at org.apache.catalina.session.StandardSession.writeObjectData(StandardSession.java:1067)
	at org.apache.catalina.session.StandardManager.doUnload(StandardManager.java:317)
	at org.apache.catalina.session.StandardManager.unload(StandardManager.java:268)
	at org.apache.catalina.session.StandardManager.stopInternal(StandardManager.java:384)
	at org.apache.catalina.util.LifecycleBase.stop(LifecycleBase.java:257)
	at org.apache.catalina.core.StandardContext.stopInternal(StandardContext.java:5459)
	at org.apache.catalina.util.LifecycleBase.stop(LifecycleBase.java:257)
	at org.apache.catalina.core.ContainerBase$StopChild.call(ContainerBase.java:1409)
	at org.apache.catalina.core.ContainerBase$StopChild.call(ContainerBase.java:1398)
	at java.base/java.util.concurrent.FutureTask.run(FutureTask.java:264)
	at org.apache.tomcat.util.threads.InlineExecutorService.execute(InlineExecutorService.java:75)
	at java.base/java.util.concurrent.AbstractExecutorService.submit(AbstractExecutorService.java:145)
	at org.apache.catalina.core.ContainerBase.stopInternal(ContainerBase.java:983)
	at org.apache.catalina.util.LifecycleBase.stop(LifecycleBase.java:257)
	at org.apache.catalina.core.ContainerBase$StopChild.call(ContainerBase.java:1409)
	at org.apache.catalina.core.ContainerBase$StopChild.call(ContainerBase.java:1398)
	at java.base/java.util.concurrent.FutureTask.run(FutureTask.java:264)
	at org.apache.tomcat.util.threads.InlineExecutorService.execute(InlineExecutorService.java:75)
	at java.base/java.util.concurrent.AbstractExecutorService.submit(AbstractExecutorService.java:145)
	at org.apache.catalina.core.ContainerBase.stopInternal(ContainerBase.java:983)
	at org.apache.catalina.util.LifecycleBase.stop(LifecycleBase.java:257)
	at org.apache.catalina.core.StandardService.stopInternal(StandardService.java:495)
	at org.apache.catalina.util.LifecycleBase.stop(LifecycleBase.java:257)
	at org.apache.catalina.core.StandardServer.stopInternal(StandardServer.java:982)
	at org.apache.catalina.util.LifecycleBase.stop(LifecycleBase.java:257)
	at org.apache.catalina.startup.Tomcat.stop(Tomcat.java:496)
	at org.springframework.boot.web.embedded.tomcat.TomcatWebServer.stopTomcat(TomcatWebServer.java:273)
	at org.springframework.boot.web.embedded.tomcat.TomcatWebServer.stop(TomcatWebServer.java:331)
	at org.springframework.boot.web.servlet.context.WebServerStartStopLifecycle.stop(WebServerStartStopLifecycle.java:52)
	at org.springframework.context.SmartLifecycle.stop(SmartLifecycle.java:117)
	at org.springframework.context.support.DefaultLifecycleProcessor.doStop(DefaultLifecycleProcessor.java:234)
	at org.springframework.context.support.DefaultLifecycleProcessor.access$300(DefaultLifecycleProcessor.java:54)
	at org.springframework.context.support.DefaultLifecycleProcessor$LifecycleGroup.stop(DefaultLifecycleProcessor.java:373)
	at org.springframework.context.support.DefaultLifecycleProcessor.stopBeans(DefaultLifecycleProcessor.java:206)
	at org.springframework.context.support.DefaultLifecycleProcessor.onClose(DefaultLifecycleProcessor.java:129)
	at org.springframework.context.support.AbstractApplicationContext.doClose(AbstractApplicationContext.java:1067)
	at org.springframework.boot.web.servlet.context.ServletWebServerApplicationContext.doClose(ServletWebServerApplicationContext.java:174)
	at org.springframework.context.support.AbstractApplicationContext.close(AbstractApplicationContext.java:1021)
	at org.springframework.boot.devtools.restart.Restarter.stop(Restarter.java:309)
	at org.springframework.boot.devtools.restart.Restarter.lambda$restart$1(Restarter.java:251)
	at org.springframework.boot.devtools.restart.Restarter$LeakSafeThread.run(Restarter.java:629)
2023-03-02 10:41:17,106 INFO org.springframework.orm.jpa.AbstractEntityManagerFactoryBean [Thread-17] Closing JPA EntityManagerFactory for persistence unit 'default'
2023-03-02 10:41:17,107 INFO com.zaxxer.hikari.HikariDataSource [Thread-17] HikariPool-4 - Shutdown initiated...
2023-03-02 10:41:17,111 INFO com.zaxxer.hikari.HikariDataSource [Thread-17] HikariPool-4 - Shutdown completed.
2023-03-02 10:41:17,247 INFO org.springframework.boot.StartupInfoLogger [restartedMain] Starting OnestopgApplication using Java 17.0.4 on DESKTOP-IB3UVCN with PID 3772 (C:\Users\hadrihl\Downloads\onestopg\target\classes started by hadrihl in C:\Users\hadrihl\Downloads\onestopg)
2023-03-02 10:41:17,248 DEBUG org.springframework.boot.StartupInfoLogger [restartedMain] Running with Spring Boot v2.7.9, Spring v5.3.25
2023-03-02 10:41:17,248 INFO org.springframework.boot.SpringApplication [restartedMain] No active profile set, falling back to 1 default profile: "default"
2023-03-02 10:41:17,546 INFO org.springframework.data.repository.config.RepositoryConfigurationDelegate [restartedMain] Bootstrapping Spring Data JPA repositories in DEFAULT mode.
2023-03-02 10:41:17,591 INFO org.springframework.data.repository.config.RepositoryConfigurationDelegate [restartedMain] Finished Spring Data repository scanning in 43 ms. Found 3 JPA repository interfaces.
2023-03-02 10:41:17,764 INFO org.springframework.boot.web.embedded.tomcat.TomcatWebServer [restartedMain] Tomcat initialized with port(s): 8080 (http)
2023-03-02 10:41:17,792 INFO org.apache.juli.logging.DirectJDKLog [restartedMain] Starting service [Tomcat]
2023-03-02 10:41:17,827 INFO org.apache.juli.logging.DirectJDKLog [restartedMain] Starting Servlet engine: [Apache Tomcat/9.0.71]
2023-03-02 10:41:17,997 INFO org.apache.juli.logging.DirectJDKLog [restartedMain] At least one JAR was scanned for TLDs yet contained no TLDs. Enable debug logging for this logger for a complete list of JARs that were scanned but no TLDs were found in them. Skipping unneeded JARs during scanning can improve startup time and JSP compilation time.
2023-03-02 10:41:18,006 INFO org.apache.juli.logging.DirectJDKLog [restartedMain] Initializing Spring embedded WebApplicationContext
2023-03-02 10:41:18,006 INFO org.springframework.boot.web.servlet.context.ServletWebServerApplicationContext [restartedMain] Root WebApplicationContext: initialization completed in 752 ms
2023-03-02 10:41:18,049 WARN org.apache.juli.logging.DirectJDKLog [restartedMain] Cannot deserialize session attribute [SPRING_SECURITY_CONTEXT] for session [B372BA7E89B98852D22EAE293E5F7AF7]
2023-03-02 10:41:18,098 INFO org.hibernate.jpa.internal.util.LogHelper [restartedMain] HHH000204: Processing PersistenceUnitInfo [name: default]
2023-03-02 10:41:18,120 INFO com.zaxxer.hikari.HikariDataSource [restartedMain] HikariPool-5 - Starting...
2023-03-02 10:41:18,128 INFO com.zaxxer.hikari.HikariDataSource [restartedMain] HikariPool-5 - Start completed.
2023-03-02 10:41:18,128 INFO org.hibernate.dialect.Dialect [restartedMain] HHH000400: Using dialect: org.hibernate.dialect.MySQLInnoDBDialect
2023-03-02 10:41:18,349 INFO org.hibernate.engine.transaction.jta.platform.internal.JtaPlatformInitiator [restartedMain] HHH000490: Using JtaPlatform implementation: [org.hibernate.engine.transaction.jta.platform.internal.NoJtaPlatform]
2023-03-02 10:41:18,350 INFO org.springframework.orm.jpa.AbstractEntityManagerFactoryBean [restartedMain] Initialized JPA EntityManagerFactory for persistence unit 'default'
2023-03-02 10:41:18,566 INFO org.springframework.security.web.DefaultSecurityFilterChain [restartedMain] Will secure any request with [org.springframework.security.web.session.DisableEncodeUrlFilter@341317d0, org.springframework.security.web.context.request.async.WebAsyncManagerIntegrationFilter@637ef68f, org.springframework.security.web.context.SecurityContextPersistenceFilter@172ee3bc, org.springframework.security.web.header.HeaderWriterFilter@27768d46, org.springframework.security.web.csrf.CsrfFilter@1956eb56, org.springframework.security.web.authentication.logout.LogoutFilter@239d7c76, org.springframework.security.web.authentication.UsernamePasswordAuthenticationFilter@7c25baee, org.springframework.security.web.savedrequest.RequestCacheAwareFilter@c8d4499, org.springframework.security.web.servletapi.SecurityContextHolderAwareRequestFilter@1f02e4f3, org.springframework.security.web.authentication.AnonymousAuthenticationFilter@5655d071, org.springframework.security.web.session.SessionManagementFilter@390cb390, org.springframework.security.web.access.ExceptionTranslationFilter@2c16f5dd, org.springframework.security.web.access.intercept.AuthorizationFilter@4dff0c35]
2023-03-02 10:41:18,590 WARN org.springframework.boot.autoconfigure.orm.jpa.JpaBaseConfiguration$JpaWebConfiguration [restartedMain] spring.jpa.open-in-view is enabled by default. Therefore, database queries may be performed during view rendering. Explicitly configure spring.jpa.open-in-view to disable this warning
2023-03-02 10:41:18,722 INFO org.springframework.boot.devtools.autoconfigure.OptionalLiveReloadServer [restartedMain] LiveReload server is running on port 35729
2023-03-02 10:41:18,758 INFO org.springframework.boot.web.embedded.tomcat.TomcatWebServer [restartedMain] Tomcat started on port(s): 8080 (http) with context path ''
2023-03-02 10:41:18,764 INFO org.springframework.boot.StartupInfoLogger [restartedMain] Started OnestopgApplication in 1.579 seconds (JVM running for 735.156)
2023-03-02 10:41:18,767 INFO org.springframework.boot.devtools.autoconfigure.ConditionEvaluationDeltaLoggingListener [restartedMain] Condition evaluation unchanged
2023-03-02 10:41:40,835 INFO org.springframework.boot.devtools.autoconfigure.LocalDevToolsAutoConfiguration$RestartingClassPathChangeChangedEventListener [File Watcher] Restarting due to 1 class path change (0 additions, 0 deletions, 1 modification)
2023-03-02 10:41:40,869 INFO org.apache.juli.logging.DirectJDKLog [Thread-21] Stopping service [Tomcat]
2023-03-02 10:41:40,876 INFO org.springframework.orm.jpa.AbstractEntityManagerFactoryBean [Thread-21] Closing JPA EntityManagerFactory for persistence unit 'default'
2023-03-02 10:41:40,876 INFO com.zaxxer.hikari.HikariDataSource [Thread-21] HikariPool-5 - Shutdown initiated...
2023-03-02 10:41:40,882 INFO com.zaxxer.hikari.HikariDataSource [Thread-21] HikariPool-5 - Shutdown completed.
2023-03-02 10:41:41,002 INFO org.springframework.boot.StartupInfoLogger [restartedMain] Starting OnestopgApplication using Java 17.0.4 on DESKTOP-IB3UVCN with PID 3772 (C:\Users\hadrihl\Downloads\onestopg\target\classes started by hadrihl in C:\Users\hadrihl\Downloads\onestopg)
2023-03-02 10:41:41,002 DEBUG org.springframework.boot.StartupInfoLogger [restartedMain] Running with Spring Boot v2.7.9, Spring v5.3.25
2023-03-02 10:41:41,003 INFO org.springframework.boot.SpringApplication [restartedMain] No active profile set, falling back to 1 default profile: "default"
2023-03-02 10:41:41,305 INFO org.springframework.data.repository.config.RepositoryConfigurationDelegate [restartedMain] Bootstrapping Spring Data JPA repositories in DEFAULT mode.
2023-03-02 10:41:41,341 INFO org.springframework.data.repository.config.RepositoryConfigurationDelegate [restartedMain] Finished Spring Data repository scanning in 32 ms. Found 3 JPA repository interfaces.
2023-03-02 10:41:41,507 INFO org.springframework.boot.web.embedded.tomcat.TomcatWebServer [restartedMain] Tomcat initialized with port(s): 8080 (http)
2023-03-02 10:41:41,509 INFO org.apache.juli.logging.DirectJDKLog [restartedMain] Starting service [Tomcat]
2023-03-02 10:41:41,509 INFO org.apache.juli.logging.DirectJDKLog [restartedMain] Starting Servlet engine: [Apache Tomcat/9.0.71]
2023-03-02 10:41:41,692 INFO org.apache.juli.logging.DirectJDKLog [restartedMain] At least one JAR was scanned for TLDs yet contained no TLDs. Enable debug logging for this logger for a complete list of JARs that were scanned but no TLDs were found in them. Skipping unneeded JARs during scanning can improve startup time and JSP compilation time.
2023-03-02 10:41:41,698 INFO org.apache.juli.logging.DirectJDKLog [restartedMain] Initializing Spring embedded WebApplicationContext
2023-03-02 10:41:41,698 INFO org.springframework.boot.web.servlet.context.ServletWebServerApplicationContext [restartedMain] Root WebApplicationContext: initialization completed in 690 ms
2023-03-02 10:41:41,785 INFO org.hibernate.jpa.internal.util.LogHelper [restartedMain] HHH000204: Processing PersistenceUnitInfo [name: default]
2023-03-02 10:41:41,796 INFO com.zaxxer.hikari.HikariDataSource [restartedMain] HikariPool-6 - Starting...
2023-03-02 10:41:41,801 INFO com.zaxxer.hikari.HikariDataSource [restartedMain] HikariPool-6 - Start completed.
2023-03-02 10:41:41,802 INFO org.hibernate.dialect.Dialect [restartedMain] HHH000400: Using dialect: org.hibernate.dialect.MySQLInnoDBDialect
2023-03-02 10:41:41,993 INFO org.hibernate.engine.transaction.jta.platform.internal.JtaPlatformInitiator [restartedMain] HHH000490: Using JtaPlatform implementation: [org.hibernate.engine.transaction.jta.platform.internal.NoJtaPlatform]
2023-03-02 10:41:41,994 INFO org.springframework.orm.jpa.AbstractEntityManagerFactoryBean [restartedMain] Initialized JPA EntityManagerFactory for persistence unit 'default'
2023-03-02 10:41:42,229 INFO org.springframework.security.web.DefaultSecurityFilterChain [restartedMain] Will secure any request with [org.springframework.security.web.session.DisableEncodeUrlFilter@7efa9655, org.springframework.security.web.context.request.async.WebAsyncManagerIntegrationFilter@42d8e49, org.springframework.security.web.context.SecurityContextPersistenceFilter@6b40e27e, org.springframework.security.web.header.HeaderWriterFilter@24ed609a, org.springframework.security.web.csrf.CsrfFilter@48cf01f7, org.springframework.security.web.authentication.logout.LogoutFilter@155ab6aa, org.springframework.security.web.authentication.UsernamePasswordAuthenticationFilter@3ed598c3, org.springframework.security.web.savedrequest.RequestCacheAwareFilter@69ae3a42, org.springframework.security.web.servletapi.SecurityContextHolderAwareRequestFilter@26887e5d, org.springframework.security.web.authentication.AnonymousAuthenticationFilter@6494706e, org.springframework.security.web.session.SessionManagementFilter@5b309056, org.springframework.security.web.access.ExceptionTranslationFilter@3ce7c17d, org.springframework.security.web.access.intercept.AuthorizationFilter@68a11f15]
2023-03-02 10:41:42,250 WARN org.springframework.boot.autoconfigure.orm.jpa.JpaBaseConfiguration$JpaWebConfiguration [restartedMain] spring.jpa.open-in-view is enabled by default. Therefore, database queries may be performed during view rendering. Explicitly configure spring.jpa.open-in-view to disable this warning
2023-03-02 10:41:42,371 INFO org.springframework.boot.devtools.autoconfigure.OptionalLiveReloadServer [restartedMain] LiveReload server is running on port 35729
2023-03-02 10:41:42,388 INFO org.springframework.boot.web.embedded.tomcat.TomcatWebServer [restartedMain] Tomcat started on port(s): 8080 (http) with context path ''
2023-03-02 10:41:42,393 INFO org.springframework.boot.StartupInfoLogger [restartedMain] Started OnestopgApplication in 1.438 seconds (JVM running for 758.784)
2023-03-02 10:41:42,394 INFO org.springframework.boot.devtools.autoconfigure.ConditionEvaluationDeltaLoggingListener [restartedMain] Condition evaluation unchanged
2023-03-02 10:47:17,427 INFO org.springframework.boot.devtools.autoconfigure.LocalDevToolsAutoConfiguration$RestartingClassPathChangeChangedEventListener [File Watcher] Restarting due to 1 class path change (0 additions, 0 deletions, 1 modification)
2023-03-02 10:47:17,461 INFO org.apache.juli.logging.DirectJDKLog [Thread-25] Stopping service [Tomcat]
2023-03-02 10:47:17,477 INFO org.springframework.orm.jpa.AbstractEntityManagerFactoryBean [Thread-25] Closing JPA EntityManagerFactory for persistence unit 'default'
2023-03-02 10:47:17,478 INFO com.zaxxer.hikari.HikariDataSource [Thread-25] HikariPool-6 - Shutdown initiated...
2023-03-02 10:47:17,484 INFO com.zaxxer.hikari.HikariDataSource [Thread-25] HikariPool-6 - Shutdown completed.
2023-03-02 10:47:17,597 INFO org.springframework.boot.StartupInfoLogger [restartedMain] Starting OnestopgApplication using Java 17.0.4 on DESKTOP-IB3UVCN with PID 3772 (C:\Users\hadrihl\Downloads\onestopg\target\classes started by hadrihl in C:\Users\hadrihl\Downloads\onestopg)
2023-03-02 10:47:17,597 DEBUG org.springframework.boot.StartupInfoLogger [restartedMain] Running with Spring Boot v2.7.9, Spring v5.3.25
2023-03-02 10:47:17,598 INFO org.springframework.boot.SpringApplication [restartedMain] No active profile set, falling back to 1 default profile: "default"
2023-03-02 10:47:17,905 INFO org.springframework.data.repository.config.RepositoryConfigurationDelegate [restartedMain] Bootstrapping Spring Data JPA repositories in DEFAULT mode.
2023-03-02 10:47:17,939 INFO org.springframework.data.repository.config.RepositoryConfigurationDelegate [restartedMain] Finished Spring Data repository scanning in 33 ms. Found 3 JPA repository interfaces.
2023-03-02 10:47:18,071 INFO org.springframework.boot.web.embedded.tomcat.TomcatWebServer [restartedMain] Tomcat initialized with port(s): 8080 (http)
2023-03-02 10:47:18,073 INFO org.apache.juli.logging.DirectJDKLog [restartedMain] Starting service [Tomcat]
2023-03-02 10:47:18,074 INFO org.apache.juli.logging.DirectJDKLog [restartedMain] Starting Servlet engine: [Apache Tomcat/9.0.71]
2023-03-02 10:47:18,236 INFO org.apache.juli.logging.DirectJDKLog [restartedMain] At least one JAR was scanned for TLDs yet contained no TLDs. Enable debug logging for this logger for a complete list of JARs that were scanned but no TLDs were found in them. Skipping unneeded JARs during scanning can improve startup time and JSP compilation time.
2023-03-02 10:47:18,240 INFO org.apache.juli.logging.DirectJDKLog [restartedMain] Initializing Spring embedded WebApplicationContext
2023-03-02 10:47:18,240 INFO org.springframework.boot.web.servlet.context.ServletWebServerApplicationContext [restartedMain] Root WebApplicationContext: initialization completed in 638 ms
2023-03-02 10:47:18,301 INFO org.hibernate.jpa.internal.util.LogHelper [restartedMain] HHH000204: Processing PersistenceUnitInfo [name: default]
2023-03-02 10:47:18,312 INFO com.zaxxer.hikari.HikariDataSource [restartedMain] HikariPool-7 - Starting...
2023-03-02 10:47:18,320 INFO com.zaxxer.hikari.HikariDataSource [restartedMain] HikariPool-7 - Start completed.
2023-03-02 10:47:18,320 INFO org.hibernate.dialect.Dialect [restartedMain] HHH000400: Using dialect: org.hibernate.dialect.MySQLInnoDBDialect
2023-03-02 10:47:18,448 INFO org.hibernate.engine.transaction.jta.platform.internal.JtaPlatformInitiator [restartedMain] HHH000490: Using JtaPlatform implementation: [org.hibernate.engine.transaction.jta.platform.internal.NoJtaPlatform]
2023-03-02 10:47:18,449 INFO org.springframework.orm.jpa.AbstractEntityManagerFactoryBean [restartedMain] Initialized JPA EntityManagerFactory for persistence unit 'default'
2023-03-02 10:47:18,767 INFO org.springframework.security.web.DefaultSecurityFilterChain [restartedMain] Will secure any request with [org.springframework.security.web.session.DisableEncodeUrlFilter@4a46299e, org.springframework.security.web.context.request.async.WebAsyncManagerIntegrationFilter@739d55f5, org.springframework.security.web.context.SecurityContextPersistenceFilter@6c6a4891, org.springframework.security.web.header.HeaderWriterFilter@5a3f2e18, org.springframework.security.web.csrf.CsrfFilter@3dc02055, org.springframework.security.web.authentication.logout.LogoutFilter@356bce87, org.springframework.security.web.authentication.UsernamePasswordAuthenticationFilter@2132d4c9, org.springframework.security.web.savedrequest.RequestCacheAwareFilter@5831aa84, org.springframework.security.web.servletapi.SecurityContextHolderAwareRequestFilter@7b5d1074, org.springframework.security.web.authentication.AnonymousAuthenticationFilter@32e5ff70, org.springframework.security.web.session.SessionManagementFilter@5094085e, org.springframework.security.web.access.ExceptionTranslationFilter@6aebc098, org.springframework.security.web.access.intercept.AuthorizationFilter@739645eb]
2023-03-02 10:47:18,789 WARN org.springframework.boot.autoconfigure.orm.jpa.JpaBaseConfiguration$JpaWebConfiguration [restartedMain] spring.jpa.open-in-view is enabled by default. Therefore, database queries may be performed during view rendering. Explicitly configure spring.jpa.open-in-view to disable this warning
2023-03-02 10:47:18,913 INFO org.springframework.boot.devtools.autoconfigure.OptionalLiveReloadServer [restartedMain] LiveReload server is running on port 35729
2023-03-02 10:47:18,938 INFO org.springframework.boot.web.embedded.tomcat.TomcatWebServer [restartedMain] Tomcat started on port(s): 8080 (http) with context path ''
2023-03-02 10:47:18,948 INFO org.springframework.boot.StartupInfoLogger [restartedMain] Started OnestopgApplication in 1.393 seconds (JVM running for 1095.339)
2023-03-02 10:47:18,949 INFO org.springframework.boot.devtools.autoconfigure.ConditionEvaluationDeltaLoggingListener [restartedMain] Condition evaluation unchanged
2023-03-02 10:47:25,547 INFO org.springframework.boot.devtools.autoconfigure.LocalDevToolsAutoConfiguration$RestartingClassPathChangeChangedEventListener [File Watcher] Restarting due to 1 class path change (0 additions, 0 deletions, 1 modification)
2023-03-02 10:47:25,583 INFO org.apache.juli.logging.DirectJDKLog [Thread-29] Stopping service [Tomcat]
2023-03-02 10:47:25,592 INFO org.springframework.orm.jpa.AbstractEntityManagerFactoryBean [Thread-29] Closing JPA EntityManagerFactory for persistence unit 'default'
2023-03-02 10:47:25,593 INFO com.zaxxer.hikari.HikariDataSource [Thread-29] HikariPool-7 - Shutdown initiated...
2023-03-02 10:47:25,605 INFO com.zaxxer.hikari.HikariDataSource [Thread-29] HikariPool-7 - Shutdown completed.
2023-03-02 10:47:25,734 INFO org.springframework.boot.StartupInfoLogger [restartedMain] Starting OnestopgApplication using Java 17.0.4 on DESKTOP-IB3UVCN with PID 3772 (C:\Users\hadrihl\Downloads\onestopg\target\classes started by hadrihl in C:\Users\hadrihl\Downloads\onestopg)
2023-03-02 10:47:25,734 DEBUG org.springframework.boot.StartupInfoLogger [restartedMain] Running with Spring Boot v2.7.9, Spring v5.3.25
2023-03-02 10:47:25,735 INFO org.springframework.boot.SpringApplication [restartedMain] No active profile set, falling back to 1 default profile: "default"
2023-03-02 10:47:26,047 INFO org.springframework.data.repository.config.RepositoryConfigurationDelegate [restartedMain] Bootstrapping Spring Data JPA repositories in DEFAULT mode.
2023-03-02 10:47:26,079 INFO org.springframework.data.repository.config.RepositoryConfigurationDelegate [restartedMain] Finished Spring Data repository scanning in 31 ms. Found 3 JPA repository interfaces.
2023-03-02 10:47:26,203 INFO org.springframework.boot.web.embedded.tomcat.TomcatWebServer [restartedMain] Tomcat initialized with port(s): 8080 (http)
2023-03-02 10:47:26,205 INFO org.apache.juli.logging.DirectJDKLog [restartedMain] Starting service [Tomcat]
2023-03-02 10:47:26,206 INFO org.apache.juli.logging.DirectJDKLog [restartedMain] Starting Servlet engine: [Apache Tomcat/9.0.71]
2023-03-02 10:47:26,347 INFO org.apache.juli.logging.DirectJDKLog [restartedMain] At least one JAR was scanned for TLDs yet contained no TLDs. Enable debug logging for this logger for a complete list of JARs that were scanned but no TLDs were found in them. Skipping unneeded JARs during scanning can improve startup time and JSP compilation time.
2023-03-02 10:47:26,354 INFO org.apache.juli.logging.DirectJDKLog [restartedMain] Initializing Spring embedded WebApplicationContext
2023-03-02 10:47:26,355 INFO org.springframework.boot.web.servlet.context.ServletWebServerApplicationContext [restartedMain] Root WebApplicationContext: initialization completed in 617 ms
2023-03-02 10:47:26,417 INFO org.hibernate.jpa.internal.util.LogHelper [restartedMain] HHH000204: Processing PersistenceUnitInfo [name: default]
2023-03-02 10:47:26,424 INFO com.zaxxer.hikari.HikariDataSource [restartedMain] HikariPool-8 - Starting...
2023-03-02 10:47:26,429 INFO com.zaxxer.hikari.HikariDataSource [restartedMain] HikariPool-8 - Start completed.
2023-03-02 10:47:26,429 INFO org.hibernate.dialect.Dialect [restartedMain] HHH000400: Using dialect: org.hibernate.dialect.MySQLInnoDBDialect
2023-03-02 10:47:26,573 INFO org.hibernate.engine.transaction.jta.platform.internal.JtaPlatformInitiator [restartedMain] HHH000490: Using JtaPlatform implementation: [org.hibernate.engine.transaction.jta.platform.internal.NoJtaPlatform]
2023-03-02 10:47:26,574 INFO org.springframework.orm.jpa.AbstractEntityManagerFactoryBean [restartedMain] Initialized JPA EntityManagerFactory for persistence unit 'default'
2023-03-02 10:47:26,768 INFO org.springframework.security.web.DefaultSecurityFilterChain [restartedMain] Will secure any request with [org.springframework.security.web.session.DisableEncodeUrlFilter@449862b9, org.springframework.security.web.context.request.async.WebAsyncManagerIntegrationFilter@789cf586, org.springframework.security.web.context.SecurityContextPersistenceFilter@1f63128f, org.springframework.security.web.header.HeaderWriterFilter@1fafe906, org.springframework.security.web.csrf.CsrfFilter@46b4cac2, org.springframework.security.web.authentication.logout.LogoutFilter@1eba4ac6, org.springframework.security.web.authentication.UsernamePasswordAuthenticationFilter@8b8e512, org.springframework.security.web.savedrequest.RequestCacheAwareFilter@ff1d1d3, org.springframework.security.web.servletapi.SecurityContextHolderAwareRequestFilter@6f76eef2, org.springframework.security.web.authentication.AnonymousAuthenticationFilter@57318311, org.springframework.security.web.session.SessionManagementFilter@7fe1356b, org.springframework.security.web.access.ExceptionTranslationFilter@1e11c262, org.springframework.security.web.access.intercept.AuthorizationFilter@479d13ef]
2023-03-02 10:47:26,803 WARN org.springframework.boot.autoconfigure.orm.jpa.JpaBaseConfiguration$JpaWebConfiguration [restartedMain] spring.jpa.open-in-view is enabled by default. Therefore, database queries may be performed during view rendering. Explicitly configure spring.jpa.open-in-view to disable this warning
2023-03-02 10:47:26,899 INFO org.springframework.boot.devtools.autoconfigure.OptionalLiveReloadServer [restartedMain] LiveReload server is running on port 35729
2023-03-02 10:47:26,920 INFO org.springframework.boot.web.embedded.tomcat.TomcatWebServer [restartedMain] Tomcat started on port(s): 8080 (http) with context path ''
2023-03-02 10:47:26,927 INFO org.springframework.boot.StartupInfoLogger [restartedMain] Started OnestopgApplication in 1.238 seconds (JVM running for 1103.319)
2023-03-02 10:47:26,930 INFO org.springframework.boot.devtools.autoconfigure.ConditionEvaluationDeltaLoggingListener [restartedMain] Condition evaluation unchanged
2023-03-02 10:47:50,419 INFO org.apache.juli.logging.DirectJDKLog [http-nio-8080-exec-1] Initializing Spring DispatcherServlet 'dispatcherServlet'
2023-03-02 10:47:50,420 INFO org.springframework.web.servlet.FrameworkServlet [http-nio-8080-exec-1] Initializing Servlet 'dispatcherServlet'
2023-03-02 10:47:50,420 INFO org.springframework.web.servlet.FrameworkServlet [http-nio-8080-exec-1] Completed initialization in 0 ms
2023-03-02 10:47:53,986 DEBUG com.example.onestopg.controller.UserController [http-nio-8080-exec-5] Users page OPENED.
2023-03-02 10:47:59,742 DEBUG com.example.onestopg.controller.UserController [http-nio-8080-exec-6] User profile updated SUCCESSFULLY.
2023-03-02 10:47:59,764 DEBUG com.example.onestopg.controller.UserController [http-nio-8080-exec-8] Users page OPENED.
2023-03-02 11:05:52,774 INFO org.springframework.boot.StartupInfoLogger [restartedMain] Starting OnestopgApplication using Java 17.0.4 on DESKTOP-IB3UVCN with PID 6400 (C:\Users\hadrihl\Downloads\onestopg\target\classes started by hadrihl in C:\Users\hadrihl\Downloads\onestopg)
2023-03-02 11:05:52,778 DEBUG org.springframework.boot.StartupInfoLogger [restartedMain] Running with Spring Boot v2.7.9, Spring v5.3.25
2023-03-02 11:05:52,779 INFO org.springframework.boot.SpringApplication [restartedMain] No active profile set, falling back to 1 default profile: "default"
2023-03-02 11:06:05,105 WARN org.springframework.boot.autoconfigure.orm.jpa.JpaBaseConfiguration$JpaWebConfiguration [restartedMain] spring.jpa.open-in-view is enabled by default. Therefore, database queries may be performed during view rendering. Explicitly configure spring.jpa.open-in-view to disable this warning
2023-03-02 11:06:06,016 INFO org.springframework.boot.StartupInfoLogger [restartedMain] Started OnestopgApplication in 14.743 seconds (JVM running for 15.908)
2023-03-02 11:06:14,388 DEBUG com.example.onestopg.service.UserDetailsServiceImpl [http-nio-8080-exec-3] user hadrihllogin SUCCESSFULLY.
2023-03-02 11:06:14,741 DEBUG com.example.onestopg.controller.UserController [http-nio-8080-exec-5] Users page OPENED.
2023-03-02 11:06:28,297 WARN org.apache.juli.logging.DirectJDKLog [Thread-5] Cannot serialize session attribute [SPRING_SECURITY_CONTEXT] for session [C4D3CBD54A348002E4CB75227B97C073]
java.io.NotSerializableException: com.example.onestopg.entity.User
	at java.base/java.io.ObjectOutputStream.writeObject0(ObjectOutputStream.java:1187)
	at java.base/java.io.ObjectOutputStream.defaultWriteFields(ObjectOutputStream.java:1572)
	at java.base/java.io.ObjectOutputStream.writeSerialData(ObjectOutputStream.java:1529)
	at java.base/java.io.ObjectOutputStream.writeOrdinaryObject(ObjectOutputStream.java:1438)
	at java.base/java.io.ObjectOutputStream.writeObject0(ObjectOutputStream.java:1181)
	at java.base/java.io.ObjectOutputStream.defaultWriteFields(ObjectOutputStream.java:1572)
	at java.base/java.io.ObjectOutputStream.writeSerialData(ObjectOutputStream.java:1529)
	at java.base/java.io.ObjectOutputStream.writeOrdinaryObject(ObjectOutputStream.java:1438)
	at java.base/java.io.ObjectOutputStream.writeObject0(ObjectOutputStream.java:1181)
	at java.base/java.io.ObjectOutputStream.defaultWriteFields(ObjectOutputStream.java:1572)
	at java.base/java.io.ObjectOutputStream.writeSerialData(ObjectOutputStream.java:1529)
	at java.base/java.io.ObjectOutputStream.writeOrdinaryObject(ObjectOutputStream.java:1438)
	at java.base/java.io.ObjectOutputStream.writeObject0(ObjectOutputStream.java:1181)
	at java.base/java.io.ObjectOutputStream.writeObject(ObjectOutputStream.java:350)
	at org.apache.catalina.session.StandardSession.doWriteObject(StandardSession.java:1761)
	at org.apache.catalina.session.StandardSession.writeObjectData(StandardSession.java:1067)
	at org.apache.catalina.session.StandardManager.doUnload(StandardManager.java:317)
	at org.apache.catalina.session.StandardManager.unload(StandardManager.java:268)
	at org.apache.catalina.session.StandardManager.stopInternal(StandardManager.java:384)
	at org.apache.catalina.util.LifecycleBase.stop(LifecycleBase.java:257)
	at org.apache.catalina.core.StandardContext.stopInternal(StandardContext.java:5459)
	at org.apache.catalina.util.LifecycleBase.stop(LifecycleBase.java:257)
	at org.apache.catalina.core.ContainerBase$StopChild.call(ContainerBase.java:1409)
	at org.apache.catalina.core.ContainerBase$StopChild.call(ContainerBase.java:1398)
	at java.base/java.util.concurrent.FutureTask.run(FutureTask.java:264)
	at org.apache.tomcat.util.threads.InlineExecutorService.execute(InlineExecutorService.java:75)
	at java.base/java.util.concurrent.AbstractExecutorService.submit(AbstractExecutorService.java:145)
	at org.apache.catalina.core.ContainerBase.stopInternal(ContainerBase.java:983)
	at org.apache.catalina.util.LifecycleBase.stop(LifecycleBase.java:257)
	at org.apache.catalina.core.ContainerBase$StopChild.call(ContainerBase.java:1409)
	at org.apache.catalina.core.ContainerBase$StopChild.call(ContainerBase.java:1398)
	at java.base/java.util.concurrent.FutureTask.run(FutureTask.java:264)
	at org.apache.tomcat.util.threads.InlineExecutorService.execute(InlineExecutorService.java:75)
	at java.base/java.util.concurrent.AbstractExecutorService.submit(AbstractExecutorService.java:145)
	at org.apache.catalina.core.ContainerBase.stopInternal(ContainerBase.java:983)
	at org.apache.catalina.util.LifecycleBase.stop(LifecycleBase.java:257)
	at org.apache.catalina.core.StandardService.stopInternal(StandardService.java:495)
	at org.apache.catalina.util.LifecycleBase.stop(LifecycleBase.java:257)
	at org.apache.catalina.core.StandardServer.stopInternal(StandardServer.java:982)
	at org.apache.catalina.util.LifecycleBase.stop(LifecycleBase.java:257)
	at org.apache.catalina.startup.Tomcat.stop(Tomcat.java:496)
	at org.springframework.boot.web.embedded.tomcat.TomcatWebServer.stopTomcat(TomcatWebServer.java:273)
	at org.springframework.boot.web.embedded.tomcat.TomcatWebServer.stop(TomcatWebServer.java:331)
	at org.springframework.boot.web.servlet.context.WebServerStartStopLifecycle.stop(WebServerStartStopLifecycle.java:52)
	at org.springframework.context.SmartLifecycle.stop(SmartLifecycle.java:117)
	at org.springframework.context.support.DefaultLifecycleProcessor.doStop(DefaultLifecycleProcessor.java:234)
	at org.springframework.context.support.DefaultLifecycleProcessor.access$300(DefaultLifecycleProcessor.java:54)
	at org.springframework.context.support.DefaultLifecycleProcessor$LifecycleGroup.stop(DefaultLifecycleProcessor.java:373)
	at org.springframework.context.support.DefaultLifecycleProcessor.stopBeans(DefaultLifecycleProcessor.java:206)
	at org.springframework.context.support.DefaultLifecycleProcessor.onClose(DefaultLifecycleProcessor.java:129)
	at org.springframework.context.support.AbstractApplicationContext.doClose(AbstractApplicationContext.java:1067)
	at org.springframework.boot.web.servlet.context.ServletWebServerApplicationContext.doClose(ServletWebServerApplicationContext.java:174)
	at org.springframework.context.support.AbstractApplicationContext.close(AbstractApplicationContext.java:1021)
	at org.springframework.boot.devtools.restart.Restarter.stop(Restarter.java:309)
	at org.springframework.boot.devtools.restart.Restarter.lambda$restart$1(Restarter.java:251)
	at org.springframework.boot.devtools.restart.Restarter$LeakSafeThread.run(Restarter.java:629)
2023-03-02 11:06:28,584 INFO org.springframework.boot.StartupInfoLogger [restartedMain] Starting OnestopgApplication using Java 17.0.4 on DESKTOP-IB3UVCN with PID 6400 (C:\Users\hadrihl\Downloads\onestopg\target\classes started by hadrihl in C:\Users\hadrihl\Downloads\onestopg)
2023-03-02 11:06:28,585 DEBUG org.springframework.boot.StartupInfoLogger [restartedMain] Running with Spring Boot v2.7.9, Spring v5.3.25
2023-03-02 11:06:28,586 INFO org.springframework.boot.SpringApplication [restartedMain] No active profile set, falling back to 1 default profile: "default"
2023-03-02 11:06:30,150 WARN org.apache.juli.logging.DirectJDKLog [restartedMain] Cannot deserialize session attribute [SPRING_SECURITY_CONTEXT] for session [C4D3CBD54A348002E4CB75227B97C073]
2023-03-02 11:06:30,960 WARN org.springframework.boot.autoconfigure.orm.jpa.JpaBaseConfiguration$JpaWebConfiguration [restartedMain] spring.jpa.open-in-view is enabled by default. Therefore, database queries may be performed during view rendering. Explicitly configure spring.jpa.open-in-view to disable this warning
2023-03-02 11:06:31,304 INFO org.springframework.boot.StartupInfoLogger [restartedMain] Started OnestopgApplication in 2.847 seconds (JVM running for 41.196)
2023-03-02 11:06:42,388 DEBUG com.example.onestopg.service.UserDetailsServiceImpl [http-nio-8080-exec-3] user hadrihl login SUCCESSFULLY.
2023-03-02 11:06:42,557 DEBUG com.example.onestopg.controller.UserController [http-nio-8080-exec-4] Users page OPENED.
